{"numFailedTestSuites":0,"numFailedTests":0,"numPassedTestSuites":1,"numPassedTests":1,"numPendingTestSuites":0,"numPendingTests":0,"numRuntimeErrorTestSuites":0,"numTodoTests":0,"numTotalTestSuites":1,"numTotalTests":1,"openHandles":[],"snapshot":{"added":0,"didUpdate":false,"failure":false,"filesAdded":0,"filesRemoved":0,"filesUnmatched":0,"filesUpdated":0,"matched":0,"total":0,"unchecked":0,"uncheckedKeysByFile":[],"unmatched":0,"updated":0},"startTime":1561788224953,"success":true,"testResults":[{"assertionResults":[{"ancestorTitles":[],"failureMessages":[],"fullName":"renders","location":null,"status":"passed","title":"renders"}],"endTime":1561788228937,"message":"","name":"/Users/julianlow/Projects/bloody-react-app/src/components/app/App.test.tsx","startTime":1561788225586,"status":"passed","summary":""}],"wasInterrupted":false,"coverageMap":{"/Users/julianlow/Projects/bloody-react-app/src/components/app/App.tsx":{"path":"/Users/julianlow/Projects/bloody-react-app/src/components/app/App.tsx","statementMap":{"0":{"start":{"line":1,"column":0},"end":{"line":1,"column":31}},"1":{"start":{"line":2,"column":0},"end":{"line":2,"column":39}},"2":{"start":{"line":4,"column":21},"end":{"line":6,"column":2}},"3":{"start":{"line":8,"column":24},"end":{"line":10,"column":2}},"4":{"start":{"line":12,"column":0},"end":{"line":12,"column":48}},"5":{"start":{"line":12,"column":25},"end":{"line":12,"column":30}},"6":{"start":{"line":13,"column":9},"end":{"line":26,"column":null}},"7":{"start":{"line":14,"column":4},"end":{"line":25,"column":6}},"8":{"start":{"line":27,"column":0},"end":{"line":27,"column":null}},"9":{"start":{"line":12,"column":13},"end":{"line":12,"column":16}}},"fnMap":{"0":{"name":"(anonymous_7)","decl":{"start":{"line":12,"column":0},"end":{"line":12,"column":13}},"loc":{"start":{"line":12,"column":0},"end":{"line":27,"column":null}}},"1":{"name":"(anonymous_9)","decl":{"start":{"line":13,"column":2},"end":{"line":13,"column":9}},"loc":{"start":{"line":13,"column":2},"end":{"line":26,"column":3}}}},"branchMap":{"0":{"loc":{"start":{"line":4,"column":34},"end":{"line":4,"column":null}},"type":"binary-expr","locations":[{"start":{"line":4,"column":34},"end":{"line":4,"column":null}},{"start":{"line":4,"column":34},"end":{"line":6,"column":2}}]},"1":{"loc":{"start":{"line":8,"column":32},"end":{"line":8,"column":null}},"type":"binary-expr","locations":[{"start":{"line":8,"column":32},"end":{"line":8,"column":null}},{"start":{"line":8,"column":32},"end":{"line":10,"column":2}}]}},"s":{"0":1,"1":1,"2":1,"3":1,"4":1,"5":1,"6":1,"7":1,"8":1,"9":1},"f":{"0":2,"1":1},"b":{"0":[1,1],"1":[1,1]}},"/Users/julianlow/Projects/bloody-react-app/src/typings/images.d.ts":{"path":"/Users/julianlow/Projects/bloody-react-app/src/typings/images.d.ts","statementMap":{},"fnMap":{},"branchMap":{},"s":{},"f":{},"b":{},"hash":"d40039352c5d722ee22837b56179c8249abb34e0"},"/Users/julianlow/Projects/bloody-react-app/src/index.tsx":{"path":"/Users/julianlow/Projects/bloody-react-app/src/index.tsx","statementMap":{"0":{"start":{"line":1,"column":0},"end":{"line":1,"column":31}},"1":{"start":{"line":2,"column":0},"end":{"line":2,"column":35}},"2":{"start":{"line":3,"column":0},"end":{"line":3,"column":43}},"3":{"start":{"line":5,"column":0},"end":{"line":5,"column":64}}},"fnMap":{},"branchMap":{},"s":{"0":0,"1":0,"2":0,"3":0},"f":{},"b":{}}}}