{"/Users/julianlow/Projects/bloody-react-app/src/components/app/App.tsx": {"path":"/Users/julianlow/Projects/bloody-react-app/src/components/app/App.tsx","statementMap":{"0":{"start":{"line":1,"column":0},"end":{"line":1,"column":31}},"1":{"start":{"line":2,"column":0},"end":{"line":2,"column":58}},"2":{"start":{"line":3,"column":0},"end":{"line":3,"column":38}},"3":{"start":{"line":4,"column":0},"end":{"line":4,"column":32}},"4":{"start":{"line":6,"column":21},"end":{"line":8,"column":2}},"5":{"start":{"line":10,"column":24},"end":{"line":12,"column":null}},"6":{"start":{"line":15,"column":0},"end":{"line":15,"column":48}},"7":{"start":{"line":15,"column":25},"end":{"line":15,"column":30}},"8":{"start":{"line":16,"column":9},"end":{"line":31,"column":null}},"9":{"start":{"line":17,"column":4},"end":{"line":30,"column":6}},"10":{"start":{"line":32,"column":0},"end":{"line":32,"column":null}},"11":{"start":{"line":15,"column":13},"end":{"line":15,"column":16}}},"fnMap":{"0":{"name":"(anonymous_7)","decl":{"start":{"line":15,"column":0},"end":{"line":15,"column":13}},"loc":{"start":{"line":15,"column":0},"end":{"line":32,"column":null}}},"1":{"name":"(anonymous_9)","decl":{"start":{"line":16,"column":2},"end":{"line":16,"column":9}},"loc":{"start":{"line":16,"column":2},"end":{"line":31,"column":3}}}},"branchMap":{"0":{"loc":{"start":{"line":6,"column":34},"end":{"line":6,"column":null}},"type":"binary-expr","locations":[{"start":{"line":6,"column":34},"end":{"line":6,"column":null}},{"start":{"line":6,"column":34},"end":{"line":8,"column":2}}]},"1":{"loc":{"start":{"line":10,"column":32},"end":{"line":10,"column":null}},"type":"binary-expr","locations":[{"start":{"line":10,"column":32},"end":{"line":10,"column":null}},{"start":{"line":10,"column":32},"end":{"line":13,"column":2}}]}},"s":{"0":1,"1":1,"2":1,"3":1,"4":1,"5":1,"6":1,"7":1,"8":1,"9":1,"10":1,"11":1},"f":{"0":2,"1":1},"b":{"0":[1,1],"1":[1,1]}}
,"/Users/julianlow/Projects/bloody-react-app/src/theme/colors.ts": {"path":"/Users/julianlow/Projects/bloody-react-app/src/theme/colors.ts","statementMap":{"0":{"start":{"line":1,"column":15},"end":{"line":4,"column":2}},"1":{"start":{"line":6,"column":0},"end":{"line":6,"column":22}}},"fnMap":{},"branchMap":{},"s":{"0":1,"1":1},"f":{},"b":{}}
,"/Users/julianlow/Projects/bloody-react-app/src/theme/index.ts": {"path":"/Users/julianlow/Projects/bloody-react-app/src/theme/index.ts","statementMap":{"0":{"start":{"line":1,"column":0},"end":{"line":1,"column":30}},"1":{"start":{"line":3,"column":14},"end":{"line":5,"column":2}},"2":{"start":{"line":7,"column":0},"end":{"line":7,"column":21}}},"fnMap":{},"branchMap":{},"s":{"0":1,"1":1,"2":1},"f":{},"b":{}}
,"/Users/julianlow/Projects/bloody-react-app/src/typings/images.d.ts": {"path":"/Users/julianlow/Projects/bloody-react-app/src/typings/images.d.ts","statementMap":{},"fnMap":{},"branchMap":{},"s":{},"f":{},"b":{},"hash":"d40039352c5d722ee22837b56179c8249abb34e0"}
}
