TN:
SF:/Users/julianlow/Projects/bloody-react-app/src/components/app/App.tsx
FN:15,(anonymous_7)
FN:16,(anonymous_9)
FNF:2
FNH:2
FNDA:2,(anonymous_7)
FNDA:1,(anonymous_9)
DA:1,1
DA:2,1
DA:3,1
DA:4,1
DA:6,1
DA:10,1
DA:15,1
DA:16,1
DA:17,1
DA:32,1
LF:10
LH:10
BRDA:6,0,0,1
BRDA:6,0,1,1
BRDA:10,1,0,1
BRDA:10,1,1,1
BRF:4
BRH:4
end_of_record
TN:
SF:/Users/julianlow/Projects/bloody-react-app/src/theme/colors.ts
FNF:0
FNH:0
DA:1,1
DA:6,1
LF:2
LH:2
BRF:0
BRH:0
end_of_record
TN:
SF:/Users/julianlow/Projects/bloody-react-app/src/theme/index.ts
FNF:0
FNH:0
DA:1,1
DA:3,1
DA:7,1
LF:3
LH:3
BRF:0
BRH:0
end_of_record
TN:
SF:/Users/julianlow/Projects/bloody-react-app/src/typings/images.d.ts
FNF:0
FNH:0
LF:0
LH:0
BRF:0
BRH:0
end_of_record
